<?xml version="1.0" encoding="UTF-8"?>
<!-- Generated by org.testng.reporters.JUnitReportReporter -->
<testsuite hostname="RamyaVamsi" name="com.hrms.testscripts.TC001" tests="1" failures="0" timestamp="27 Jan 2021 15:17:47 GMT" time="96.545" errors="0">
  <testcase name="tc001" time="96.545" classname="com.hrms.testscripts.TC001"/>
</testsuite> <!-- com.hrms.testscripts.TC001 -->
