<?xml version="1.0" encoding="UTF-8"?>
<!-- Generated by org.testng.reporters.JUnitReportReporter -->
<testsuite hostname="RamyaVamsi" name="com.hrms.testscripts.TC002" tests="1" failures="0" timestamp="27 Jan 2021 15:10:25 GMT" time="51.097" errors="0">
  <testcase name="tc002" time="51.097" classname="com.hrms.testscripts.TC002"/>
</testsuite> <!-- com.hrms.testscripts.TC002 -->
